{"meta": {"format": 3, "version": "7.14.3", "timestamp": "2026-07-06T08:47:48.184882", "branch_coverage": false, "show_contexts": false}, "files": {"app\\__init__.py": {"executed_lines": [3, 5, 6, 7, 9, 10, 13, 16, 17, 20, 22, 25, 26, 27, 28, 31, 34, 37, 38, 42, 44, 45, 46, 47, 50, 51, 53, 68, 79, 80, 85, 86, 89, 91], "summary": {"covered_lines": 34, "num_statements": 38, "percent_covered": 89.47368421052632, "percent_covered_display": "89", "missing_lines": 4, "excluded_lines": 0, "percent_statements_covered": 89.47368421052632, "percent_statements_covered_display": "89"}, "missing_lines": [39, 81, 82, 87], "excluded_lines": [], "functions": {"create_app": {"executed_lines": [17, 20, 22, 25, 26, 27, 28, 31, 34, 37, 38, 42, 44, 45, 46, 47, 50, 51, 53, 68, 79, 80, 85, 86, 89, 91], "summary": {"covered_lines": 26, "num_statements": 29, "percent_covered": 89.65517241379311, "percent_covered_display": "90", "missing_lines": 3, "excluded_lines": 0, "percent_statements_covered": 89.65517241379311, "percent_statements_covered_display": "90"}, "missing_lines": [39, 81, 82], "excluded_lines": [], "start_line": 16}, "create_app.root": {"executed_lines": [], "summary": {"covered_lines": 0, "num_statements": 1, "percent_covered": 0.0, "percent_covered_display": "0", "missing_lines": 1, "excluded_lines": 0, "percent_statements_covered": 0.0, "percent_statements_covered_display": "0"}, "missing_lines": [87], "excluded_lines": [], "start_line": 86}, "": {"executed_lines": [3, 5, 6, 7, 9, 10, 13, 16], "summary": {"covered_lines": 8, "num_statements": 8, "percent_covered": 100.0, "percent_covered_display": "100", "missing_lines": 0, "excluded_lines": 0, "percent_statements_covered": 100.0, "percent_statements_covered_display": "100"}, "missing_lines": [], "excluded_lines": [], "start_line": 1}}, "classes": {"": {"executed_lines": [3, 5, 6, 7, 9, 10, 13, 16, 17, 20, 22, 25, 26, 27, 28, 31, 34, 37, 38, 42, 44, 45, 46, 47, 50, 51, 53, 68, 79, 80, 85, 86, 89, 91], "summary": {"covered_lines": 34, "num_statements": 38, "percent_covered": 89.47368421052632, "percent_covered_display": "89", "missing_lines": 4, "excluded_lines": 0, "percent_statements_covered": 89.47368421052632, "percent_statements_covered_display": "89"}, "missing_lines": [39, 81, 82, 87], "excluded_lines": [], "start_line": 1}}}, "app\\admin.py": {"executed_lines": [1, 2, 3, 4, 14, 15, 18, 19, 22, 26, 27, 30, 34, 35, 36, 37, 38, 39, 42, 43, 44, 45, 46, 47, 50, 51, 52, 53, 54, 55, 58, 59, 60, 61, 62, 63, 64, 70, 71, 72, 73, 74, 77, 78, 79, 80, 81, 82, 85, 86, 87, 88, 89, 90, 93, 94, 95, 96, 97, 98, 101, 102, 103, 104, 105, 106, 107, 113, 114, 115, 116, 117, 120, 121, 124, 125, 126, 127, 128, 129, 131], "summary": {"covered_lines": 81, "num_statements": 86, "percent_covered": 94.18604651162791, "percent_covered_display": "94", "missing_lines": 5, "excluded_lines": 8, "percent_statements_covered": 94.18604651162791, "percent_statements_covered_display": "94"}, "missing_lines": [20, 23, 28, 31, 122], "excluded_lines": [5, 6, 7, 8, 9, 10, 11, 12], "functions": {"SecureModelView.is_accessible": {"executed_lines": [], "summary": {"covered_lines": 0, "num_statements": 1, "percent_covered": 0.0, "percent_covered_display": "0", "missing_lines": 1, "excluded_lines": 0, "percent_statements_covered": 0.0, "percent_statements_covered_display": "0"}, "missing_lines": [20], "excluded_lines": [], "start_line": 19}, "SecureModelView.inaccessible_callback": {"executed_lines": [], "summary": {"covered_lines": 0, "num_statements": 1, "percent_covered": 0.0, "percent_covered_display": "0", "missing_lines": 1, "excluded_lines": 0, "percent_statements_covered": 0.0, "percent_statements_covered_display": "0"}, "missing_lines": [23], "excluded_lines": [], "start_line": 22}, "SecureAdminIndexView.is_accessible": {"executed_lines": [], "summary": {"covered_lines": 0, "num_statements": 1, "percent_covered": 0.0, "percent_covered_display": "0", "missing_lines": 1, "excluded_lines": 0, "percent_statements_covered": 0.0, "percent_statements_covered_display": "0"}, "missing_lines": [28], "excluded_lines": [], "start_line": 27}, "SecureAdminIndexView.inaccessible_callback": {"executed_lines": [], "summary": {"covered_lines": 0, "num_statements": 1, "percent_covered": 0.0, "percent_covered_display": "0", "missing_lines": 1, "excluded_lines": 0, "percent_statements_covered": 0.0, "percent_statements_covered_display": "0"}, "missing_lines": [31], "excluded_lines": [], "start_line": 30}, "setup_admin": {"executed_lines": [121, 124, 125, 126, 127, 128, 129, 131], "summary": {"covered_lines": 8, "num_statements": 9, "percent_covered": 88.88888888888889, "percent_covered_display": "89", "missing_lines": 1, "excluded_lines": 0, "percent_statements_covered": 88.88888888888889, "percent_statements_covered_display": "89"}, "missing_lines": [122], "excluded_lines": [], "start_line": 120}, "": {"executed_lines": [1, 2, 3, 4, 14, 15, 18, 19, 22, 26, 27, 30, 34, 35, 36, 37, 38, 39, 42, 43, 44, 45, 46, 47, 50, 51, 52, 53, 54, 55, 58, 59, 60, 61, 62, 63, 64, 70, 71, 72, 73, 74, 77, 78, 79, 80, 81, 82, 85, 86, 87, 88, 89, 90, 93, 94, 95, 96, 97, 98, 101, 102, 103, 104, 105, 106, 107, 113, 114, 115, 116, 117, 120], "summary": {"covered_lines": 73, "num_statements": 73, "percent_covered": 100.0, "percent_covered_display": "100", "missing_lines": 0, "excluded_lines": 8, "percent_statements_covered": 100.0, "percent_statements_covered_display": "100"}, "missing_lines": [], "excluded_lines": [5, 6, 7, 8, 9, 10, 11, 12], "start_line": 1}}, "classes": {"SecureModelView": {"executed_lines": [], "summary": {"covered_lines": 0, "num_statements": 2, "percent_covered": 0.0, "percent_covered_display": "0", "missing_lines": 2, "excluded_lines": 0, "percent_statements_covered": 0.0, "percent_statements_covered_display": "0"}, "missing_lines": [20, 23], "excluded_lines": [], "start_line": 18}, "SecureAdminIndexView": {"executed_lines": [], "summary": {"covered_lines": 0, "num_statements": 2, "percent_covered": 0.0, "percent_covered_display": "0", "missing_lines": 2, "excluded_lines": 0, "percent_statements_covered": 0.0, "percent_statements_covered_display": "0"}, "missing_lines": [28, 31], "excluded_lines": [], "start_line": 26}, "UserAdmin": {"executed_lines": [], "summary": {"covered_lines": 0, "num_statements": 0, "percent_covered": 100.0, "percent_covered_display": "100", "missing_lines": 0, "excluded_lines": 0, "percent_statements_covered": 100.0, "percent_statements_covered_display": "100"}, "missing_lines": [], "excluded_lines": [], "start_line": 77}, "LessonAdmin": {"executed_lines": [], "summary": {"covered_lines": 0, "num_statements": 0, "percent_covered": 100.0, "percent_covered_display": "100", "missing_lines": 0, "excluded_lines": 0, "percent_statements_covered": 100.0, "percent_statements_covered_display": "100"}, "missing_lines": [], "excluded_lines": [], "start_line": 85}, "QuizAdmin": {"executed_lines": [], "summary": {"covered_lines": 0, "num_statements": 0, "percent_covered": 100.0, "percent_covered_display": "100", "missing_lines": 0, "excluded_lines": 0, "percent_statements_covered": 100.0, "percent_statements_covered_display": "100"}, "missing_lines": [], "excluded_lines": [], "start_line": 93}, "QuestionAdmin": {"executed_lines": [], "summary": {"covered_lines": 0, "num_statements": 0, "percent_covered": 100.0, "percent_covered_display": "100", "missing_lines": 0, "excluded_lines": 0, "percent_statements_covered": 100.0, "percent_statements_covered_display": "100"}, "missing_lines": [], "excluded_lines": [], "start_line": 101}, "UserProgressAdmin": {"executed_lines": [], "summary": {"covered_lines": 0, "num_statements": 0, "percent_covered": 100.0, "percent_covered_display": "100", "missing_lines": 0, "excluded_lines": 0, "percent_statements_covered": 100.0, "percent_statements_covered_display": "100"}, "missing_lines": [], "excluded_lines": [], "start_line": 113}, "": {"executed_lines": [1, 2, 3, 4, 14, 15, 18, 19, 22, 26, 27, 30, 34, 35, 36, 37, 38, 39, 42, 43, 44, 45, 46, 47, 50, 51, 52, 53, 54, 55, 58, 59, 60, 61, 62, 63, 64, 70, 71, 72, 73, 74, 77, 78, 79, 80, 81, 82, 85, 86, 87, 88, 89, 90, 93, 94, 95, 96, 97, 98, 101, 102, 103, 104, 105, 106, 107, 113, 114, 115, 116, 117, 120, 121, 124, 125, 126, 127, 128, 129, 131], "summary": {"covered_lines": 81, "num_statements": 82, "percent_covered": 98.78048780487805, "percent_covered_display": "99", "missing_lines": 1, "excluded_lines": 8, "percent_statements_covered": 98.78048780487805, "percent_statements_covered_display": "99"}, "missing_lines": [122], "excluded_lines": [5, 6, 7, 8, 9, 10, 11, 12], "start_line": 1}}}, "app\\config.py": {"executed_lines": [3, 4, 5, 7, 8, 12, 13, 21, 22, 23, 29, 33, 38, 39, 42, 45, 48, 50, 51, 52, 53, 54, 55, 56, 59, 64, 65, 68, 69, 70, 80, 81, 89, 90, 91], "summary": {"covered_lines": 35, "num_statements": 41, "percent_covered": 85.36585365853658, "percent_covered_display": "85", "missing_lines": 6, "excluded_lines": 0, "percent_statements_covered": 85.36585365853658, "percent_statements_covered_display": "85"}, "missing_lines": [66, 72, 73, 75, 76, 77], "excluded_lines": [], "functions": {"Settings._resolve_database_url": {"executed_lines": [65, 68, 69, 70], "summary": {"covered_lines": 4, "num_statements": 10, "percent_covered": 40.0, "percent_covered_display": "40", "missing_lines": 6, "excluded_lines": 0, "percent_statements_covered": 40.0, "percent_statements_covered_display": "40"}, "missing_lines": [66, 72, 73, 75, 76, 77], "excluded_lines": [], "start_line": 64}, "Settings.get_sqlalchemy_config": {"executed_lines": [81], "summary": {"covered_lines": 1, "num_statements": 1, "percent_covered": 100.0, "percent_covered_display": "100", "missing_lines": 0, "excluded_lines": 0, "percent_statements_covered": 100.0, "percent_statements_covered_display": "100"}, "missing_lines": [], "excluded_lines": [], "start_line": 80}, "get_settings": {"executed_lines": [91], "summary": {"covered_lines": 1, "num_statements": 1, "percent_covered": 100.0, "percent_covered_display": "100", "missing_lines": 0, "excluded_lines": 0, "percent_statements_covered": 100.0, "percent_statements_covered_display": "100"}, "missing_lines": [], "excluded_lines": [], "start_line": 90}, "": {"executed_lines": [3, 4, 5, 7, 8, 12, 13, 21, 22, 23, 29, 33, 38, 39, 42, 45, 48, 50, 51, 52, 53, 54, 55, 56, 59, 64, 80, 89, 90], "summary": {"covered_lines": 29, "num_statements": 29, "percent_covered": 100.0, "percent_covered_display": "100", "missing_lines": 0, "excluded_lines": 0, "percent_statements_covered": 100.0, "percent_statements_covered_display": "100"}, "missing_lines": [], "excluded_lines": [], "start_line": 1}}, "classes": {"Settings": {"executed_lines": [65, 68, 69, 70, 81], "summary": {"covered_lines": 5, "num_statements": 11, "percent_covered": 45.45454545454545, "percent_covered_display": "45", "missing_lines": 6, "excluded_lines": 0, "percent_statements_covered": 45.45454545454545, "percent_statements_covered_display": "45"}, "missing_lines": [66, 72, 73, 75, 76, 77], "excluded_lines": [], "start_line": 12}, "": {"executed_lines": [3, 4, 5, 7, 8, 12, 13, 21, 22, 23, 29, 33, 38, 39, 42, 45, 48, 50, 51, 52, 53, 54, 55, 56, 59, 64, 80, 89, 90, 91], "summary": {"covered_lines": 30, "num_statements": 30, "percent_covered": 100.0, "percent_covered_display": "100", "missing_lines": 0, "excluded_lines": 0, "percent_statements_covered": 100.0, "percent_statements_covered_display": "100"}, "missing_lines": [], "excluded_lines": [], "start_line": 1}}}, "app\\extensions.py": {"executed_lines": [1, 4], "summary": {"covered_lines": 2, "num_statements": 2, "percent_covered": 100.0, "percent_covered_display": "100", "missing_lines": 0, "excluded_lines": 0, "percent_statements_covered": 100.0, "percent_statements_covered_display": "100"}, "missing_lines": [], "excluded_lines": [], "functions": {"": {"executed_lines": [1, 4], "summary": {"covered_lines": 2, "num_statements": 2, "percent_covered": 100.0, "percent_covered_display": "100", "missing_lines": 0, "excluded_lines": 0, "percent_statements_covered": 100.0, "percent_statements_covered_display": "100"}, "missing_lines": [], "excluded_lines": [], "start_line": 1}}, "classes": {"": {"executed_lines": [1, 4], "summary": {"covered_lines": 2, "num_statements": 2, "percent_covered": 100.0, "percent_covered_display": "100", "missing_lines": 0, "excluded_lines": 0, "percent_statements_covered": 100.0, "percent_statements_covered_display": "100"}, "missing_lines": [], "excluded_lines": [], "start_line": 1}}}, "app\\models\\__init__.py": {"executed_lines": [1, 2, 3, 4, 6], "summary": {"covered_lines": 5, "num_statements": 5, "percent_covered": 100.0, "percent_covered_display": "100", "missing_lines": 0, "excluded_lines": 0, "percent_statements_covered": 100.0, "percent_statements_covered_display": "100"}, "missing_lines": [], "excluded_lines": [], "functions": {"": {"executed_lines": [1, 2, 3, 4, 6], "summary": {"covered_lines": 5, "num_statements": 5, "percent_covered": 100.0, "percent_covered_display": "100", "missing_lines": 0, "excluded_lines": 0, "percent_statements_covered": 100.0, "percent_statements_covered_display": "100"}, "missing_lines": [], "excluded_lines": [], "start_line": 1}}, "classes": {"": {"executed_lines": [1, 2, 3, 4, 6], "summary": {"covered_lines": 5, "num_statements": 5, "percent_covered": 100.0, "percent_covered_display": "100", "missing_lines": 0, "excluded_lines": 0, "percent_statements_covered": 100.0, "percent_statements_covered_display": "100"}, "missing_lines": [], "excluded_lines": [], "start_line": 1}}}, "app\\models\\base.py": {"executed_lines": [], "summary": {"covered_lines": 0, "num_statements": 17, "percent_covered": 0.0, "percent_covered_display": "0", "missing_lines": 17, "excluded_lines": 0, "percent_statements_covered": 0.0, "percent_statements_covered_display": "0"}, "missing_lines": [2, 3, 5, 7, 11, 12, 14, 15, 20, 28, 29, 35, 36, 37, 38, 41, 42], "excluded_lines": [], "functions": {"BaseModel.to_dict": {"executed_lines": [], "summary": {"covered_lines": 0, "num_statements": 1, "percent_covered": 0.0, "percent_covered_display": "0", "missing_lines": 1, "excluded_lines": 0, "percent_statements_covered": 0.0, "percent_statements_covered_display": "0"}, "missing_lines": [29], "excluded_lines": [], "start_line": 28}, "BaseModel.update": {"executed_lines": [], "summary": {"covered_lines": 0, "num_statements": 3, "percent_covered": 0.0, "percent_covered_display": "0", "missing_lines": 3, "excluded_lines": 0, "percent_statements_covered": 0.0, "percent_statements_covered_display": "0"}, "missing_lines": [36, 37, 38], "excluded_lines": [], "start_line": 35}, "BaseModel.__repr__": {"executed_lines": [], "summary": {"covered_lines": 0, "num_statements": 1, "percent_covered": 0.0, "percent_covered_display": "0", "missing_lines": 1, "excluded_lines": 0, "percent_statements_covered": 0.0, "percent_statements_covered_display": "0"}, "missing_lines": [42], "excluded_lines": [], "start_line": 41}, "": {"executed_lines": [], "summary": {"covered_lines": 0, "num_statements": 12, "percent_covered": 0.0, "percent_covered_display": "0", "missing_lines": 12, "excluded_lines": 0, "percent_statements_covered": 0.0, "percent_statements_covered_display": "0"}, "missing_lines": [2, 3, 5, 7, 11, 12, 14, 15, 20, 28, 35, 41], "excluded_lines": [], "start_line": 1}}, "classes": {"BaseModel": {"executed_lines": [], "summary": {"covered_lines": 0, "num_statements": 5, "percent_covered": 0.0, "percent_covered_display": "0", "missing_lines": 5, "excluded_lines": 0, "percent_statements_covered": 0.0, "percent_statements_covered_display": "0"}, "missing_lines": [29, 36, 37, 38, 42], "excluded_lines": [], "start_line": 11}, "": {"executed_lines": [], "summary": {"covered_lines": 0, "num_statements": 12, "percent_covered": 0.0, "percent_covered_display": "0", "missing_lines": 12, "excluded_lines": 0, "percent_statements_covered": 0.0, "percent_statements_covered_display": "0"}, "missing_lines": [2, 3, 5, 7, 11, 12, 14, 15, 20, 28, 35, 41], "excluded_lines": [], "start_line": 1}}}, "app\\models\\lesson.py": {"executed_lines": [1, 2, 3, 6, 7, 8, 9, 10, 11, 13, 14, 15, 16, 18, 19, 21, 22, 23, 24, 32, 33, 34, 42, 43, 44, 47, 49], "summary": {"covered_lines": 27, "num_statements": 28, "percent_covered": 96.42857142857143, "percent_covered_display": "96", "missing_lines": 1, "excluded_lines": 0, "percent_statements_covered": 96.42857142857143, "percent_statements_covered_display": "96"}, "missing_lines": [50], "excluded_lines": [], "functions": {"Lesson.__repr__": {"executed_lines": [], "summary": {"covered_lines": 0, "num_statements": 1, "percent_covered": 0.0, "percent_covered_display": "0", "missing_lines": 1, "excluded_lines": 0, "percent_statements_covered": 0.0, "percent_statements_covered_display": "0"}, "missing_lines": [50], "excluded_lines": [], "start_line": 49}, "": {"executed_lines": [1, 2, 3, 6, 7, 8, 9, 10, 11, 13, 14, 15, 16, 18, 19, 21, 22, 23, 24, 32, 33, 34, 42, 43, 44, 47, 49], "summary": {"covered_lines": 27, "num_statements": 27, "percent_covered": 100.0, "percent_covered_display": "100", "missing_lines": 0, "excluded_lines": 0, "percent_statements_covered": 100.0, "percent_statements_covered_display": "100"}, "missing_lines": [], "excluded_lines": [], "start_line": 1}}, "classes": {"CategoryEnum": {"executed_lines": [], "summary": {"covered_lines": 0, "num_statements": 0, "percent_covered": 100.0, "percent_covered_display": "100", "missing_lines": 0, "excluded_lines": 0, "percent_statements_covered": 100.0, "percent_statements_covered_display": "100"}, "missing_lines": [], "excluded_lines": [], "start_line": 6}, "SimulationTypeEnum": {"executed_lines": [], "summary": {"covered_lines": 0, "num_statements": 0, "percent_covered": 100.0, "percent_covered_display": "100", "missing_lines": 0, "excluded_lines": 0, "percent_statements_covered": 100.0, "percent_statements_covered_display": "100"}, "missing_lines": [], "excluded_lines": [], "start_line": 13}, "Lesson": {"executed_lines": [], "summary": {"covered_lines": 0, "num_statements": 1, "percent_covered": 0.0, "percent_covered_display": "0", "missing_lines": 1, "excluded_lines": 0, "percent_statements_covered": 0.0, "percent_statements_covered_display": "0"}, "missing_lines": [50], "excluded_lines": [], "start_line": 18}, "": {"executed_lines": [1, 2, 3, 6, 7, 8, 9, 10, 11, 13, 14, 15, 16, 18, 19, 21, 22, 23, 24, 32, 33, 34, 42, 43, 44, 47, 49], "summary": {"covered_lines": 27, "num_statements": 27, "percent_covered": 100.0, "percent_covered_display": "100", "missing_lines": 0, "excluded_lines": 0, "percent_statements_covered": 100.0, "percent_statements_covered_display": "100"}, "missing_lines": [], "excluded_lines": [], "start_line": 1}}}, "app\\models\\progress.py": {"executed_lines": [1, 2, 4, 5, 7, 8, 9, 10, 11, 12, 13, 16, 17, 18, 20], "summary": {"covered_lines": 15, "num_statements": 16, "percent_covered": 93.75, "percent_covered_display": "94", "missing_lines": 1, "excluded_lines": 0, "percent_statements_covered": 93.75, "percent_statements_covered_display": "94"}, "missing_lines": [21], "excluded_lines": [], "functions": {"UserProgress.__repr__": {"executed_lines": [], "summary": {"covered_lines": 0, "num_statements": 1, "percent_covered": 0.0, "percent_covered_display": "0", "missing_lines": 1, "excluded_lines": 0, "percent_statements_covered": 0.0, "percent_statements_covered_display": "0"}, "missing_lines": [21], "excluded_lines": [], "start_line": 20}, "": {"executed_lines": [1, 2, 4, 5, 7, 8, 9, 10, 11, 12, 13, 16, 17, 18, 20], "summary": {"covered_lines": 15, "num_statements": 15, "percent_covered": 100.0, "percent_covered_display": "100", "missing_lines": 0, "excluded_lines": 0, "percent_statements_covered": 100.0, "percent_statements_covered_display": "100"}, "missing_lines": [], "excluded_lines": [], "start_line": 1}}, "classes": {"UserProgress": {"executed_lines": [], "summary": {"covered_lines": 0, "num_statements": 1, "percent_covered": 0.0, "percent_covered_display": "0", "missing_lines": 1, "excluded_lines": 0, "percent_statements_covered": 0.0, "percent_statements_covered_display": "0"}, "missing_lines": [21], "excluded_lines": [], "start_line": 4}, "": {"executed_lines": [1, 2, 4, 5, 7, 8, 9, 10, 11, 12, 13, 16, 17, 18, 20], "summary": {"covered_lines": 15, "num_statements": 15, "percent_covered": 100.0, "percent_covered_display": "100", "missing_lines": 0, "excluded_lines": 0, "percent_statements_covered": 100.0, "percent_statements_covered_display": "100"}, "missing_lines": [], "excluded_lines": [], "start_line": 1}}}, "app\\models\\quiz.py": {"executed_lines": [1, 2, 4, 5, 7, 8, 9, 10, 11, 14, 15, 17, 21, 22, 24, 25, 26, 27, 28, 29, 30, 31, 34, 36], "summary": {"covered_lines": 24, "num_statements": 26, "percent_covered": 92.3076923076923, "percent_covered_display": "92", "missing_lines": 2, "excluded_lines": 0, "percent_statements_covered": 92.3076923076923, "percent_statements_covered_display": "92"}, "missing_lines": [18, 37], "excluded_lines": [], "functions": {"Quiz.__repr__": {"executed_lines": [], "summary": {"covered_lines": 0, "num_statements": 1, "percent_covered": 0.0, "percent_covered_display": "0", "missing_lines": 1, "excluded_lines": 0, "percent_statements_covered": 0.0, "percent_statements_covered_display": "0"}, "missing_lines": [18], "excluded_lines": [], "start_line": 17}, "Question.__repr__": {"executed_lines": [], "summary": {"covered_lines": 0, "num_statements": 1, "percent_covered": 0.0, "percent_covered_display": "0", "missing_lines": 1, "excluded_lines": 0, "percent_statements_covered": 0.0, "percent_statements_covered_display": "0"}, "missing_lines": [37], "excluded_lines": [], "start_line": 36}, "": {"executed_lines": [1, 2, 4, 5, 7, 8, 9, 10, 11, 14, 15, 17, 21, 22, 24, 25, 26, 27, 28, 29, 30, 31, 34, 36], "summary": {"covered_lines": 24, "num_statements": 24, "percent_covered": 100.0, "percent_covered_display": "100", "missing_lines": 0, "excluded_lines": 0, "percent_statements_covered": 100.0, "percent_statements_covered_display": "100"}, "missing_lines": [], "excluded_lines": [], "start_line": 1}}, "classes": {"Quiz": {"executed_lines": [], "summary": {"covered_lines": 0, "num_statements": 1, "percent_covered": 0.0, "percent_covered_display": "0", "missing_lines": 1, "excluded_lines": 0, "percent_statements_covered": 0.0, "percent_statements_covered_display": "0"}, "missing_lines": [18], "excluded_lines": [], "start_line": 4}, "Question": {"executed_lines": [], "summary": {"covered_lines": 0, "num_statements": 1, "percent_covered": 0.0, "percent_covered_display": "0", "missing_lines": 1, "excluded_lines": 0, "percent_statements_covered": 0.0, "percent_statements_covered_display": "0"}, "missing_lines": [37], "excluded_lines": [], "start_line": 21}, "": {"executed_lines": [1, 2, 4, 5, 7, 8, 9, 10, 11, 14, 15, 17, 21, 22, 24, 25, 26, 27, 28, 29, 30, 31, 34, 36], "summary": {"covered_lines": 24, "num_statements": 24, "percent_covered": 100.0, "percent_covered_display": "100", "missing_lines": 0, "excluded_lines": 0, "percent_statements_covered": 100.0, "percent_statements_covered_display": "100"}, "missing_lines": [], "excluded_lines": [], "start_line": 1}}}, "app\\models\\user.py": {"executed_lines": [1, 2, 3, 5, 6, 8, 9, 10, 11, 12, 13, 14, 17, 19, 20, 22, 23, 25], "summary": {"covered_lines": 18, "num_statements": 19, "percent_covered": 94.73684210526316, "percent_covered_display": "95", "missing_lines": 1, "excluded_lines": 0, "percent_statements_covered": 94.73684210526316, "percent_statements_covered_display": "95"}, "missing_lines": [26], "excluded_lines": [], "functions": {"User.set_password": {"executed_lines": [20], "summary": {"covered_lines": 1, "num_statements": 1, "percent_covered": 100.0, "percent_covered_display": "100", "missing_lines": 0, "excluded_lines": 0, "percent_statements_covered": 100.0, "percent_statements_covered_display": "100"}, "missing_lines": [], "excluded_lines": [], "start_line": 19}, "User.check_password": {"executed_lines": [23], "summary": {"covered_lines": 1, "num_statements": 1, "percent_covered": 100.0, "percent_covered_display": "100", "missing_lines": 0, "excluded_lines": 0, "percent_statements_covered": 100.0, "percent_statements_covered_display": "100"}, "missing_lines": [], "excluded_lines": [], "start_line": 22}, "User.__repr__": {"executed_lines": [], "summary": {"covered_lines": 0, "num_statements": 1, "percent_covered": 0.0, "percent_covered_display": "0", "missing_lines": 1, "excluded_lines": 0, "percent_statements_covered": 0.0, "percent_statements_covered_display": "0"}, "missing_lines": [26], "excluded_lines": [], "start_line": 25}, "": {"executed_lines": [1, 2, 3, 5, 6, 8, 9, 10, 11, 12, 13, 14, 17, 19, 22, 25], "summary": {"covered_lines": 16, "num_statements": 16, "percent_covered": 100.0, "percent_covered_display": "100", "missing_lines": 0, "excluded_lines": 0, "percent_statements_covered": 100.0, "percent_statements_covered_display": "100"}, "missing_lines": [], "excluded_lines": [], "start_line": 1}}, "classes": {"User": {"executed_lines": [20, 23], "summary": {"covered_lines": 2, "num_statements": 3, "percent_covered": 66.66666666666667, "percent_covered_display": "67", "missing_lines": 1, "excluded_lines": 0, "percent_statements_covered": 66.66666666666667, "percent_statements_covered_display": "67"}, "missing_lines": [26], "excluded_lines": [], "start_line": 5}, "": {"executed_lines": [1, 2, 3, 5, 6, 8, 9, 10, 11, 12, 13, 14, 17, 19, 22, 25], "summary": {"covered_lines": 16, "num_statements": 16, "percent_covered": 100.0, "percent_covered_display": "100", "missing_lines": 0, "excluded_lines": 0, "percent_statements_covered": 100.0, "percent_statements_covered_display": "100"}, "missing_lines": [], "excluded_lines": [], "start_line": 1}}}, "app\\routes\\__init__.py": {"executed_lines": [], "summary": {"covered_lines": 0, "num_statements": 0, "percent_covered": 100.0, "percent_covered_display": "100", "missing_lines": 0, "excluded_lines": 0, "percent_statements_covered": 100.0, "percent_statements_covered_display": "100"}, "missing_lines": [], "excluded_lines": [], "functions": {"": {"executed_lines": [], "summary": {"covered_lines": 0, "num_statements": 0, "percent_covered": 100.0, "percent_covered_display": "100", "missing_lines": 0, "excluded_lines": 0, "percent_statements_covered": 100.0, "percent_statements_covered_display": "100"}, "missing_lines": [], "excluded_lines": [], "start_line": 1}}, "classes": {"": {"executed_lines": [], "summary": {"covered_lines": 0, "num_statements": 0, "percent_covered": 100.0, "percent_covered_display": "100", "missing_lines": 0, "excluded_lines": 0, "percent_statements_covered": 100.0, "percent_statements_covered_display": "100"}, "missing_lines": [], "excluded_lines": [], "start_line": 1}}}, "app\\routes\\api_v1.py": {"executed_lines": [2, 4, 5, 6, 8, 9, 10, 12, 14, 20, 21, 39, 40, 48, 49, 66, 67, 72, 73, 138, 139], "summary": {"covered_lines": 21, "num_statements": 81, "percent_covered": 25.925925925925927, "percent_covered_display": "26", "missing_lines": 60, "excluded_lines": 0, "percent_statements_covered": 25.925925925925927, "percent_statements_covered_display": "26"}, "missing_lines": [22, 23, 25, 28, 41, 44, 50, 52, 53, 55, 58, 68, 69, 74, 75, 77, 78, 79, 80, 83, 84, 85, 86, 87, 88, 89, 90, 91, 93, 100, 101, 104, 126, 132, 134, 135, 136, 140, 141, 142, 143, 144, 146, 148, 149, 152, 153, 154, 155, 156, 157, 160, 161, 163, 165, 166, 168, 176, 182, 183], "excluded_lines": [], "functions": {"get_items": {"executed_lines": [], "summary": {"covered_lines": 0, "num_statements": 4, "percent_covered": 0.0, "percent_covered_display": "0", "missing_lines": 4, "excluded_lines": 0, "percent_statements_covered": 0.0, "percent_statements_covered_display": "0"}, "missing_lines": [22, 23, 25, 28], "excluded_lines": [], "start_line": 21}, "get_item": {"executed_lines": [], "summary": {"covered_lines": 0, "num_statements": 2, "percent_covered": 0.0, "percent_covered_display": "0", "missing_lines": 2, "excluded_lines": 0, "percent_statements_covered": 0.0, "percent_statements_covered_display": "0"}, "missing_lines": [41, 44], "excluded_lines": [], "start_line": 40}, "create_item": {"executed_lines": [], "summary": {"covered_lines": 0, "num_statements": 5, "percent_covered": 0.0, "percent_covered_display": "0", "missing_lines": 5, "excluded_lines": 0, "percent_statements_covered": 0.0, "percent_statements_covered_display": "0"}, "missing_lines": [50, 52, 53, 55, 58], "excluded_lines": [], "start_line": 49}, "page": {"executed_lines": [], "summary": {"covered_lines": 0, "num_statements": 2, "percent_covered": 0.0, "percent_covered_display": "0", "missing_lines": 2, "excluded_lines": 0, "percent_statements_covered": 0.0, "percent_statements_covered_display": "0"}, "missing_lines": [68, 69], "excluded_lines": [], "start_line": 67}, "simulate_bb84": {"executed_lines": [], "summary": {"covered_lines": 0, "num_statements": 24, "percent_covered": 0.0, "percent_covered_display": "0", "missing_lines": 24, "excluded_lines": 0, "percent_statements_covered": 0.0, "percent_statements_covered_display": "0"}, "missing_lines": [74, 75, 77, 78, 79, 80, 83, 84, 85, 86, 87, 88, 89, 90, 91, 93, 100, 101, 104, 126, 132, 134, 135, 136], "excluded_lines": [], "start_line": 73}, "sweep_bb84": {"executed_lines": [], "summary": {"covered_lines": 0, "num_statements": 23, "percent_covered": 0.0, "percent_covered_display": "0", "missing_lines": 23, "excluded_lines": 0, "percent_statements_covered": 0.0, "percent_statements_covered_display": "0"}, "missing_lines": [140, 141, 142, 143, 144, 146, 148, 149, 152, 153, 154, 155, 156, 157, 160, 161, 163, 165, 166, 168, 176, 182, 183], "excluded_lines": [], "start_line": 139}, "": {"executed_lines": [2, 4, 5, 6, 8, 9, 10, 12, 14, 20, 21, 39, 40, 48, 49, 66, 67, 72, 73, 138, 139], "summary": {"covered_lines": 21, "num_statements": 21, "percent_covered": 100.0, "percent_covered_display": "100", "missing_lines": 0, "excluded_lines": 0, "percent_statements_covered": 100.0, "percent_statements_covered_display": "100"}, "missing_lines": [], "excluded_lines": [], "start_line": 1}}, "classes": {"": {"executed_lines": [2, 4, 5, 6, 8, 9, 10, 12, 14, 20, 21, 39, 40, 48, 49, 66, 67, 72, 73, 138, 139], "summary": {"covered_lines": 21, "num_statements": 81, "percent_covered": 25.925925925925927, "percent_covered_display": "26", "missing_lines": 60, "excluded_lines": 0, "percent_statements_covered": 25.925925925925927, "percent_statements_covered_display": "26"}, "missing_lines": [22, 23, 25, 28, 41, 44, 50, 52, 53, 55, 58, 68, 69, 74, 75, 77, 78, 79, 80, 83, 84, 85, 86, 87, 88, 89, 90, 91, 93, 100, 101, 104, 126, 132, 134, 135, 136, 140, 141, 142, 143, 144, 146, 148, 149, 152, 153, 154, 155, 156, 157, 160, 161, 163, 165, 166, 168, 176, 182, 183], "excluded_lines": [], "start_line": 1}}}, "app\\routes\\health.py": {"executed_lines": [2, 4, 5, 7, 9, 13, 14, 20, 21], "summary": {"covered_lines": 9, "num_statements": 22, "percent_covered": 40.90909090909091, "percent_covered_display": "41", "missing_lines": 13, "excluded_lines": 0, "percent_statements_covered": 40.90909090909091, "percent_statements_covered_display": "41"}, "missing_lines": [15, 16, 22, 23, 25, 26, 27, 28, 29, 30, 31, 33, 38], "excluded_lines": [], "functions": {"health_check": {"executed_lines": [], "summary": {"covered_lines": 0, "num_statements": 2, "percent_covered": 0.0, "percent_covered_display": "0", "missing_lines": 2, "excluded_lines": 0, "percent_statements_covered": 0.0, "percent_statements_covered_display": "0"}, "missing_lines": [15, 16], "excluded_lines": [], "start_line": 14}, "readiness_check": {"executed_lines": [], "summary": {"covered_lines": 0, "num_statements": 11, "percent_covered": 0.0, "percent_covered_display": "0", "missing_lines": 11, "excluded_lines": 0, "percent_statements_covered": 0.0, "percent_statements_covered_display": "0"}, "missing_lines": [22, 23, 25, 26, 27, 28, 29, 30, 31, 33, 38], "excluded_lines": [], "start_line": 21}, "": {"executed_lines": [2, 4, 5, 7, 9, 13, 14, 20, 21], "summary": {"covered_lines": 9, "num_statements": 9, "percent_covered": 100.0, "percent_covered_display": "100", "missing_lines": 0, "excluded_lines": 0, "percent_statements_covered": 100.0, "percent_statements_covered_display": "100"}, "missing_lines": [], "excluded_lines": [], "start_line": 1}}, "classes": {"": {"executed_lines": [2, 4, 5, 7, 9, 13, 14, 20, 21], "summary": {"covered_lines": 9, "num_statements": 22, "percent_covered": 40.90909090909091, "percent_covered_display": "41", "missing_lines": 13, "excluded_lines": 0, "percent_statements_covered": 40.90909090909091, "percent_statements_covered_display": "41"}, "missing_lines": [15, 16, 22, 23, 25, 26, 27, 28, 29, 30, 31, 33, 38], "excluded_lines": [], "start_line": 1}}}, "app\\routes\\lessons.py": {"executed_lines": [1, 2, 3, 4, 6, 8, 11, 12, 18, 19, 25, 26], "summary": {"covered_lines": 12, "num_statements": 19, "percent_covered": 63.1578947368421, "percent_covered_display": "63", "missing_lines": 7, "excluded_lines": 0, "percent_statements_covered": 63.1578947368421, "percent_statements_covered_display": "63"}, "missing_lines": [14, 15, 21, 22, 28, 29, 30], "excluded_lines": [], "functions": {"lesson_list": {"executed_lines": [], "summary": {"covered_lines": 0, "num_statements": 2, "percent_covered": 0.0, "percent_covered_display": "0", "missing_lines": 2, "excluded_lines": 0, "percent_statements_covered": 0.0, "percent_statements_covered_display": "0"}, "missing_lines": [14, 15], "excluded_lines": [], "start_line": 12}, "lesson_detail": {"executed_lines": [], "summary": {"covered_lines": 0, "num_statements": 2, "percent_covered": 0.0, "percent_covered_display": "0", "missing_lines": 2, "excluded_lines": 0, "percent_statements_covered": 0.0, "percent_statements_covered_display": "0"}, "missing_lines": [21, 22], "excluded_lines": [], "start_line": 19}, "quiz_detail": {"executed_lines": [], "summary": {"covered_lines": 0, "num_statements": 3, "percent_covered": 0.0, "percent_covered_display": "0", "missing_lines": 3, "excluded_lines": 0, "percent_statements_covered": 0.0, "percent_statements_covered_display": "0"}, "missing_lines": [28, 29, 30], "excluded_lines": [], "start_line": 26}, "": {"executed_lines": [1, 2, 3, 4, 6, 8, 11, 12, 18, 19, 25, 26], "summary": {"covered_lines": 12, "num_statements": 12, "percent_covered": 100.0, "percent_covered_display": "100", "missing_lines": 0, "excluded_lines": 0, "percent_statements_covered": 100.0, "percent_statements_covered_display": "100"}, "missing_lines": [], "excluded_lines": [], "start_line": 1}}, "classes": {"": {"executed_lines": [1, 2, 3, 4, 6, 8, 11, 12, 18, 19, 25, 26], "summary": {"covered_lines": 12, "num_statements": 19, "percent_covered": 63.1578947368421, "percent_covered_display": "63", "missing_lines": 7, "excluded_lines": 0, "percent_statements_covered": 63.1578947368421, "percent_statements_covered_display": "63"}, "missing_lines": [14, 15, 21, 22, 28, 29, 30], "excluded_lines": [], "start_line": 1}}}, "app\\routes\\pages.py": {"executed_lines": [2, 4, 5, 7, 8, 9, 18, 20, 24, 25, 31, 32, 37, 38, 43, 44, 48, 49, 54, 55, 59, 60, 64, 65, 70, 71, 103, 104, 126, 127, 128, 147, 149, 150, 181, 182, 183, 184, 186, 190, 191, 192, 193, 194, 198, 199, 204, 205, 206, 207, 212, 213, 217, 218, 219, 221, 223, 225, 228, 229, 230, 231, 233, 236, 237], "summary": {"covered_lines": 65, "num_statements": 176, "percent_covered": 36.93181818181818, "percent_covered_display": "37", "missing_lines": 111, "excluded_lines": 0, "percent_statements_covered": 36.93181818181818, "percent_statements_covered_display": "37"}, "missing_lines": [26, 27, 33, 34, 39, 40, 45, 46, 50, 51, 56, 57, 61, 62, 66, 67, 72, 73, 74, 75, 76, 78, 79, 80, 81, 82, 83, 84, 85, 86, 87, 89, 90, 91, 92, 94, 95, 97, 98, 100, 105, 106, 107, 108, 109, 111, 112, 113, 114, 116, 117, 118, 120, 121, 122, 123, 129, 130, 131, 133, 134, 135, 137, 138, 140, 141, 142, 143, 144, 145, 151, 152, 154, 155, 156, 158, 160, 161, 162, 164, 165, 166, 168, 169, 170, 171, 172, 173, 174, 175, 176, 178, 187, 188, 195, 196, 201, 208, 209, 210, 214, 215, 222, 224, 226, 238, 239, 240, 241, 242, 243], "excluded_lines": [], "functions": {"index": {"executed_lines": [], "summary": {"covered_lines": 0, "num_statements": 2, "percent_covered": 0.0, "percent_covered_display": "0", "missing_lines": 2, "excluded_lines": 0, "percent_statements_covered": 0.0, "percent_statements_covered_display": "0"}, "missing_lines": [26, 27], "excluded_lines": [], "start_line": 25}, "about": {"executed_lines": [], "summary": {"covered_lines": 0, "num_statements": 2, "percent_covered": 0.0, "percent_covered_display": "0", "missing_lines": 2, "excluded_lines": 0, "percent_statements_covered": 0.0, "percent_statements_covered_display": "0"}, "missing_lines": [33, 34], "excluded_lines": [], "start_line": 32}, "toc": {"executed_lines": [], "summary": {"covered_lines": 0, "num_statements": 2, "percent_covered": 0.0, "percent_covered_display": "0", "missing_lines": 2, "excluded_lines": 0, "percent_statements_covered": 0.0, "percent_statements_covered_display": "0"}, "missing_lines": [39, 40], "excluded_lines": [], "start_line": 38}, "wave_learn": {"executed_lines": [], "summary": {"covered_lines": 0, "num_statements": 2, "percent_covered": 0.0, "percent_covered_display": "0", "missing_lines": 2, "excluded_lines": 0, "percent_statements_covered": 0.0, "percent_statements_covered_display": "0"}, "missing_lines": [45, 46], "excluded_lines": [], "start_line": 44}, "quiz_wave": {"executed_lines": [], "summary": {"covered_lines": 0, "num_statements": 2, "percent_covered": 0.0, "percent_covered_display": "0", "missing_lines": 2, "excluded_lines": 0, "percent_statements_covered": 0.0, "percent_statements_covered_display": "0"}, "missing_lines": [50, 51], "excluded_lines": [], "start_line": 49}, "projectile_motion_learn": {"executed_lines": [], "summary": {"covered_lines": 0, "num_statements": 2, "percent_covered": 0.0, "percent_covered_display": "0", "missing_lines": 2, "excluded_lines": 0, "percent_statements_covered": 0.0, "percent_statements_covered_display": "0"}, "missing_lines": [56, 57], "excluded_lines": [], "start_line": 55}, "quiz_projectile_motion": {"executed_lines": [], "summary": {"covered_lines": 0, "num_statements": 2, "percent_covered": 0.0, "percent_covered_display": "0", "missing_lines": 2, "excluded_lines": 0, "percent_statements_covered": 0.0, "percent_statements_covered_display": "0"}, "missing_lines": [61, 62], "excluded_lines": [], "start_line": 60}, "bb84": {"executed_lines": [], "summary": {"covered_lines": 0, "num_statements": 2, "percent_covered": 0.0, "percent_covered_display": "0", "missing_lines": 2, "excluded_lines": 0, "percent_statements_covered": 0.0, "percent_statements_covered_display": "0"}, "missing_lines": [66, 67], "excluded_lines": [], "start_line": 65}, "register": {"executed_lines": [], "summary": {"covered_lines": 0, "num_statements": 24, "percent_covered": 0.0, "percent_covered_display": "0", "missing_lines": 24, "excluded_lines": 0, "percent_statements_covered": 0.0, "percent_statements_covered_display": "0"}, "missing_lines": [72, 73, 74, 75, 76, 78, 79, 80, 81, 82, 83, 84, 85, 86, 87, 89, 90, 91, 92, 94, 95, 97, 98, 100], "excluded_lines": [], "start_line": 71}, "verify_email": {"executed_lines": [], "summary": {"covered_lines": 0, "num_statements": 16, "percent_covered": 0.0, "percent_covered_display": "0", "missing_lines": 16, "excluded_lines": 0, "percent_statements_covered": 0.0, "percent_statements_covered_display": "0"}, "missing_lines": [105, 106, 107, 108, 109, 111, 112, 113, 114, 116, 117, 118, 120, 121, 122, 123], "excluded_lines": [], "start_line": 104}, "login": {"executed_lines": [128, 147], "summary": {"covered_lines": 2, "num_statements": 16, "percent_covered": 12.5, "percent_covered_display": "12", "missing_lines": 14, "excluded_lines": 0, "percent_statements_covered": 12.5, "percent_statements_covered_display": "12"}, "missing_lines": [129, 130, 131, 133, 134, 135, 137, 138, 140, 141, 142, 143, 144, 145], "excluded_lines": [], "start_line": 127}, "resend_verification": {"executed_lines": [], "summary": {"covered_lines": 0, "num_statements": 22, "percent_covered": 0.0, "percent_covered_display": "0", "missing_lines": 22, "excluded_lines": 0, "percent_statements_covered": 0.0, "percent_statements_covered_display": "0"}, "missing_lines": [151, 152, 154, 155, 156, 158, 160, 161, 162, 164, 165, 166, 168, 169, 170, 171, 172, 173, 174, 175, 176, 178], "excluded_lines": [], "start_line": 150}, "forgot_password": {"executed_lines": [183, 184, 186, 190, 191, 192, 193, 194, 198, 199], "summary": {"covered_lines": 10, "num_statements": 15, "percent_covered": 66.66666666666667, "percent_covered_display": "67", "missing_lines": 5, "excluded_lines": 0, "percent_statements_covered": 66.66666666666667, "percent_statements_covered_display": "67"}, "missing_lines": [187, 188, 195, 196, 201], "excluded_lines": [], "start_line": 182}, "reset_password": {"executed_lines": [206, 207, 212, 213, 217, 218, 219, 221, 223, 225, 228, 229, 230, 231, 233], "summary": {"covered_lines": 15, "num_statements": 23, "percent_covered": 65.21739130434783, "percent_covered_display": "65", "missing_lines": 8, "excluded_lines": 0, "percent_statements_covered": 65.21739130434783, "percent_statements_covered_display": "65"}, "missing_lines": [208, 209, 210, 214, 215, 222, 224, 226], "excluded_lines": [], "start_line": 205}, "logout": {"executed_lines": [], "summary": {"covered_lines": 0, "num_statements": 6, "percent_covered": 0.0, "percent_covered_display": "0", "missing_lines": 6, "excluded_lines": 0, "percent_statements_covered": 0.0, "percent_statements_covered_display": "0"}, "missing_lines": [238, 239, 240, 241, 242, 243], "excluded_lines": [], "start_line": 237}, "": {"executed_lines": [2, 4, 5, 7, 8, 9, 18, 20, 24, 25, 31, 32, 37, 38, 43, 44, 48, 49, 54, 55, 59, 60, 64, 65, 70, 71, 103, 104, 126, 127, 149, 150, 181, 182, 204, 205, 236, 237], "summary": {"covered_lines": 38, "num_statements": 38, "percent_covered": 100.0, "percent_covered_display": "100", "missing_lines": 0, "excluded_lines": 0, "percent_statements_covered": 100.0, "percent_statements_covered_display": "100"}, "missing_lines": [], "excluded_lines": [], "start_line": 1}}, "classes": {"": {"executed_lines": [2, 4, 5, 7, 8, 9, 18, 20, 24, 25, 31, 32, 37, 38, 43, 44, 48, 49, 54, 55, 59, 60, 64, 65, 70, 71, 103, 104, 126, 127, 128, 147, 149, 150, 181, 182, 183, 184, 186, 190, 191, 192, 193, 194, 198, 199, 204, 205, 206, 207, 212, 213, 217, 218, 219, 221, 223, 225, 228, 229, 230, 231, 233, 236, 237], "summary": {"covered_lines": 65, "num_statements": 176, "percent_covered": 36.93181818181818, "percent_covered_display": "37", "missing_lines": 111, "excluded_lines": 0, "percent_statements_covered": 36.93181818181818, "percent_statements_covered_display": "37"}, "missing_lines": [26, 27, 33, 34, 39, 40, 45, 46, 50, 51, 56, 57, 61, 62, 66, 67, 72, 73, 74, 75, 76, 78, 79, 80, 81, 82, 83, 84, 85, 86, 87, 89, 90, 91, 92, 94, 95, 97, 98, 100, 105, 106, 107, 108, 109, 111, 112, 113, 114, 116, 117, 118, 120, 121, 122, 123, 129, 130, 131, 133, 134, 135, 137, 138, 140, 141, 142, 143, 144, 145, 151, 152, 154, 155, 156, 158, 160, 161, 162, 164, 165, 166, 168, 169, 170, 171, 172, 173, 174, 175, 176, 178, 187, 188, 195, 196, 201, 208, 209, 210, 214, 215, 222, 224, 226, 238, 239, 240, 241, 242, 243], "excluded_lines": [], "start_line": 1}}}, "app\\simulations\\attacks\\__init__.py": {"executed_lines": [1, 2], "summary": {"covered_lines": 2, "num_statements": 2, "percent_covered": 100.0, "percent_covered_display": "100", "missing_lines": 0, "excluded_lines": 0, "percent_statements_covered": 100.0, "percent_statements_covered_display": "100"}, "missing_lines": [], "excluded_lines": [], "functions": {"": {"executed_lines": [1, 2], "summary": {"covered_lines": 2, "num_statements": 2, "percent_covered": 100.0, "percent_covered_display": "100", "missing_lines": 0, "excluded_lines": 0, "percent_statements_covered": 100.0, "percent_statements_covered_display": "100"}, "missing_lines": [], "excluded_lines": [], "start_line": 1}}, "classes": {"": {"executed_lines": [1, 2], "summary": {"covered_lines": 2, "num_statements": 2, "percent_covered": 100.0, "percent_covered_display": "100", "missing_lines": 0, "excluded_lines": 0, "percent_statements_covered": 100.0, "percent_statements_covered_display": "100"}, "missing_lines": [], "excluded_lines": [], "start_line": 1}}}, "app\\simulations\\attacks\\intercept_resend.py": {"executed_lines": [14, 15, 16, 19, 37, 54, 78, 83, 90, 91, 102, 103], "summary": {"covered_lines": 12, "num_statements": 27, "percent_covered": 44.44444444444444, "percent_covered_display": "44", "missing_lines": 15, "excluded_lines": 0, "percent_statements_covered": 44.44444444444444, "percent_statements_covered_display": "44"}, "missing_lines": [39, 40, 43, 44, 46, 51, 79, 80, 81, 84, 85, 88, 100, 116, 117], "excluded_lines": [], "functions": {"InterceptResend.intercept": {"executed_lines": [], "summary": {"covered_lines": 0, "num_statements": 6, "percent_covered": 0.0, "percent_covered_display": "0", "missing_lines": 6, "excluded_lines": 0, "percent_statements_covered": 0.0, "percent_statements_covered_display": "0"}, "missing_lines": [39, 40, 43, 44, 46, 51], "excluded_lines": [], "start_line": 37}, "PartialIntercept.__init__": {"executed_lines": [], "summary": {"covered_lines": 0, "num_statements": 3, "percent_covered": 0.0, "percent_covered_display": "0", "missing_lines": 3, "excluded_lines": 0, "percent_statements_covered": 0.0, "percent_statements_covered_display": "0"}, "missing_lines": [79, 80, 81], "excluded_lines": [], "start_line": 78}, "PartialIntercept.intercept": {"executed_lines": [], "summary": {"covered_lines": 0, "num_statements": 3, "percent_covered": 0.0, "percent_covered_display": "0", "missing_lines": 3, "excluded_lines": 0, "percent_statements_covered": 0.0, "percent_statements_covered_display": "0"}, "missing_lines": [84, 85, 88], "excluded_lines": [], "start_line": 83}, "PartialIntercept.theoretical_qber": {"executed_lines": [], "summary": {"covered_lines": 0, "num_statements": 1, "percent_covered": 0.0, "percent_covered_display": "0", "missing_lines": 1, "excluded_lines": 0, "percent_statements_covered": 0.0, "percent_statements_covered_display": "0"}, "missing_lines": [100], "excluded_lines": [], "start_line": 91}, "PartialIntercept.detection_threshold_rate": {"executed_lines": [], "summary": {"covered_lines": 0, "num_statements": 2, "percent_covered": 0.0, "percent_covered_display": "0", "missing_lines": 2, "excluded_lines": 0, "percent_statements_covered": 0.0, "percent_statements_covered_display": "0"}, "missing_lines": [116, 117], "excluded_lines": [], "start_line": 103}, "": {"executed_lines": [14, 15, 16, 19, 37, 54, 78, 83, 90, 91, 102, 103], "summary": {"covered_lines": 12, "num_statements": 12, "percent_covered": 100.0, "percent_covered_display": "100", "missing_lines": 0, "excluded_lines": 0, "percent_statements_covered": 100.0, "percent_statements_covered_display": "100"}, "missing_lines": [], "excluded_lines": [], "start_line": 1}}, "classes": {"InterceptResend": {"executed_lines": [], "summary": {"covered_lines": 0, "num_statements": 6, "percent_covered": 0.0, "percent_covered_display": "0", "missing_lines": 6, "excluded_lines": 0, "percent_statements_covered": 0.0, "percent_statements_covered_display": "0"}, "missing_lines": [39, 40, 43, 44, 46, 51], "excluded_lines": [], "start_line": 19}, "PartialIntercept": {"executed_lines": [], "summary": {"covered_lines": 0, "num_statements": 9, "percent_covered": 0.0, "percent_covered_display": "0", "missing_lines": 9, "excluded_lines": 0, "percent_statements_covered": 0.0, "percent_statements_covered_display": "0"}, "missing_lines": [79, 80, 81, 84, 85, 88, 100, 116, 117], "excluded_lines": [], "start_line": 54}, "": {"executed_lines": [14, 15, 16, 19, 37, 54, 78, 83, 90, 91, 102, 103], "summary": {"covered_lines": 12, "num_statements": 12, "percent_covered": 100.0, "percent_covered_display": "100", "missing_lines": 0, "excluded_lines": 0, "percent_statements_covered": 100.0, "percent_statements_covered_display": "100"}, "missing_lines": [], "excluded_lines": [], "start_line": 1}}}, "app\\simulations\\attacks\\pns.py": {"executed_lines": [34, 35, 36, 37, 40, 58, 63, 111, 127, 128, 140, 141, 145, 146], "summary": {"covered_lines": 14, "num_statements": 46, "percent_covered": 30.434782608695652, "percent_covered_display": "30", "missing_lines": 32, "excluded_lines": 0, "percent_statements_covered": 30.434782608695652, "percent_statements_covered_display": "30"}, "missing_lines": [59, 60, 61, 64, 66, 68, 71, 72, 75, 76, 77, 78, 83, 92, 98, 101, 103, 121, 122, 123, 124, 125, 136, 137, 138, 143, 155, 156, 157, 158, 159, 160], "excluded_lines": [], "functions": {"PNS.__init__": {"executed_lines": [], "summary": {"covered_lines": 0, "num_statements": 3, "percent_covered": 0.0, "percent_covered_display": "0", "missing_lines": 3, "excluded_lines": 0, "percent_statements_covered": 0.0, "percent_statements_covered_display": "0"}, "missing_lines": [59, 60, 61], "excluded_lines": [], "start_line": 58}, "PNS.intercept": {"executed_lines": [], "summary": {"covered_lines": 0, "num_statements": 14, "percent_covered": 0.0, "percent_covered_display": "0", "missing_lines": 14, "excluded_lines": 0, "percent_statements_covered": 0.0, "percent_statements_covered_display": "0"}, "missing_lines": [64, 66, 68, 71, 72, 75, 76, 77, 78, 83, 92, 98, 101, 103], "excluded_lines": [], "start_line": 63}, "PNS.measure_stored": {"executed_lines": [], "summary": {"covered_lines": 0, "num_statements": 5, "percent_covered": 0.0, "percent_covered_display": "0", "missing_lines": 5, "excluded_lines": 0, "percent_statements_covered": 0.0, "percent_statements_covered_display": "0"}, "missing_lines": [121, 122, 123, 124, 125], "excluded_lines": [], "start_line": 111}, "PNS.multi_photon_probability": {"executed_lines": [], "summary": {"covered_lines": 0, "num_statements": 3, "percent_covered": 0.0, "percent_covered_display": "0", "missing_lines": 3, "excluded_lines": 0, "percent_statements_covered": 0.0, "percent_statements_covered_display": "0"}, "missing_lines": [136, 137, 138], "excluded_lines": [], "start_line": 128}, "PNS.photon_number_distribution": {"executed_lines": [], "summary": {"covered_lines": 0, "num_statements": 1, "percent_covered": 0.0, "percent_covered_display": "0", "missing_lines": 1, "excluded_lines": 0, "percent_statements_covered": 0.0, "percent_statements_covered_display": "0"}, "missing_lines": [143], "excluded_lines": [], "start_line": 141}, "PNS.information_per_key_bit": {"executed_lines": [], "summary": {"covered_lines": 0, "num_statements": 6, "percent_covered": 0.0, "percent_covered_display": "0", "missing_lines": 6, "excluded_lines": 0, "percent_statements_covered": 0.0, "percent_statements_covered_display": "0"}, "missing_lines": [155, 156, 157, 158, 159, 160], "excluded_lines": [], "start_line": 146}, "": {"executed_lines": [34, 35, 36, 37, 40, 58, 63, 111, 127, 128, 140, 141, 145, 146], "summary": {"covered_lines": 14, "num_statements": 14, "percent_covered": 100.0, "percent_covered_display": "100", "missing_lines": 0, "excluded_lines": 0, "percent_statements_covered": 100.0, "percent_statements_covered_display": "100"}, "missing_lines": [], "excluded_lines": [], "start_line": 1}}, "classes": {"PNS": {"executed_lines": [], "summary": {"covered_lines": 0, "num_statements": 32, "percent_covered": 0.0, "percent_covered_display": "0", "missing_lines": 32, "excluded_lines": 0, "percent_statements_covered": 0.0, "percent_statements_covered_display": "0"}, "missing_lines": [59, 60, 61, 64, 66, 68, 71, 72, 75, 76, 77, 78, 83, 92, 98, 101, 103, 121, 122, 123, 124, 125, 136, 137, 138, 143, 155, 156, 157, 158, 159, 160], "excluded_lines": [], "start_line": 40}, "": {"executed_lines": [34, 35, 36, 37, 40, 58, 63, 111, 127, 128, 140, 141, 145, 146], "summary": {"covered_lines": 14, "num_statements": 14, "percent_covered": 100.0, "percent_covered_display": "100", "missing_lines": 0, "excluded_lines": 0, "percent_statements_covered": 100.0, "percent_statements_covered_display": "100"}, "missing_lines": [], "excluded_lines": [], "start_line": 1}}}, "app\\simulations\\qkd\\__init__.py": {"executed_lines": [], "summary": {"covered_lines": 0, "num_statements": 0, "percent_covered": 100.0, "percent_covered_display": "100", "missing_lines": 0, "excluded_lines": 0, "percent_statements_covered": 100.0, "percent_statements_covered_display": "100"}, "missing_lines": [], "excluded_lines": [], "functions": {"": {"executed_lines": [], "summary": {"covered_lines": 0, "num_statements": 0, "percent_covered": 100.0, "percent_covered_display": "100", "missing_lines": 0, "excluded_lines": 0, "percent_statements_covered": 100.0, "percent_statements_covered_display": "100"}, "missing_lines": [], "excluded_lines": [], "start_line": 1}}, "classes": {"": {"executed_lines": [], "summary": {"covered_lines": 0, "num_statements": 0, "percent_covered": 100.0, "percent_covered_display": "100", "missing_lines": 0, "excluded_lines": 0, "percent_statements_covered": 100.0, "percent_statements_covered_display": "100"}, "missing_lines": [], "excluded_lines": [], "start_line": 1}}}, "app\\simulations\\qkd\\bb84.py": {"executed_lines": [11, 12, 13, 14, 17, 18, 21, 22, 25, 26, 27, 30, 31, 34, 35, 36, 39, 42, 43, 45, 48, 49, 52, 53, 54, 55, 56, 59, 60, 61, 63, 75, 98, 108, 165, 195, 196], "summary": {"covered_lines": 37, "num_statements": 89, "percent_covered": 41.57303370786517, "percent_covered_display": "42", "missing_lines": 52, "excluded_lines": 0, "percent_statements_covered": 41.57303370786517, "percent_statements_covered_display": "42"}, "missing_lines": [64, 72, 103, 104, 105, 106, 115, 117, 119, 120, 122, 123, 125, 127, 134, 135, 136, 137, 138, 142, 144, 145, 146, 149, 150, 152, 153, 156, 157, 158, 159, 161, 163, 166, 167, 169, 170, 171, 173, 174, 176, 177, 180, 181, 183, 184, 190, 191, 193, 198, 199, 200], "excluded_lines": [], "functions": {"BB84Result.summary": {"executed_lines": [], "summary": {"covered_lines": 0, "num_statements": 2, "percent_covered": 0.0, "percent_covered_display": "0", "missing_lines": 2, "excluded_lines": 0, "percent_statements_covered": 0.0, "percent_statements_covered_display": "0"}, "missing_lines": [64, 72], "excluded_lines": [], "start_line": 63}, "BB84.__init__": {"executed_lines": [], "summary": {"covered_lines": 0, "num_statements": 4, "percent_covered": 0.0, "percent_covered_display": "0", "missing_lines": 4, "excluded_lines": 0, "percent_statements_covered": 0.0, "percent_statements_covered_display": "0"}, "missing_lines": [103, 104, 105, 106], "excluded_lines": [], "start_line": 98}, "BB84.run": {"executed_lines": [], "summary": {"covered_lines": 0, "num_statements": 27, "percent_covered": 0.0, "percent_covered_display": "0", "missing_lines": 27, "excluded_lines": 0, "percent_statements_covered": 0.0, "percent_statements_covered_display": "0"}, "missing_lines": [115, 117, 119, 120, 122, 123, 125, 127, 134, 135, 136, 137, 138, 142, 144, 145, 146, 149, 150, 152, 153, 156, 157, 158, 159, 161, 163], "excluded_lines": [], "start_line": 108}, "BB84._compute_results": {"executed_lines": [], "summary": {"covered_lines": 0, "num_statements": 16, "percent_covered": 0.0, "percent_covered_display": "0", "missing_lines": 16, "excluded_lines": 0, "percent_statements_covered": 0.0, "percent_statements_covered_display": "0"}, "missing_lines": [166, 167, 169, 170, 171, 173, 174, 176, 177, 180, 181, 183, 184, 190, 191, 193], "excluded_lines": [], "start_line": 165}, "BB84._binary_entropy_complement": {"executed_lines": [], "summary": {"covered_lines": 0, "num_statements": 3, "percent_covered": 0.0, "percent_covered_display": "0", "missing_lines": 3, "excluded_lines": 0, "percent_statements_covered": 0.0, "percent_statements_covered_display": "0"}, "missing_lines": [198, 199, 200], "excluded_lines": [], "start_line": 196}, "": {"executed_lines": [11, 12, 13, 14, 17, 18, 21, 22, 25, 26, 27, 30, 31, 34, 35, 36, 39, 42, 43, 45, 48, 49, 52, 53, 54, 55, 56, 59, 60, 61, 63, 75, 98, 108, 165, 195, 196], "summary": {"covered_lines": 37, "num_statements": 37, "percent_covered": 100.0, "percent_covered_display": "100", "missing_lines": 0, "excluded_lines": 0, "percent_statements_covered": 100.0, "percent_statements_covered_display": "100"}, "missing_lines": [], "excluded_lines": [], "start_line": 1}}, "classes": {"TransmissionRecord": {"executed_lines": [], "summary": {"covered_lines": 0, "num_statements": 0, "percent_covered": 100.0, "percent_covered_display": "100", "missing_lines": 0, "excluded_lines": 0, "percent_statements_covered": 100.0, "percent_statements_covered_display": "100"}, "missing_lines": [], "excluded_lines": [], "start_line": 18}, "BB84Result": {"executed_lines": [], "summary": {"covered_lines": 0, "num_statements": 2, "percent_covered": 0.0, "percent_covered_display": "0", "missing_lines": 2, "excluded_lines": 0, "percent_statements_covered": 0.0, "percent_statements_covered_display": "0"}, "missing_lines": [64, 72], "excluded_lines": [], "start_line": 43}, "BB84": {"executed_lines": [], "summary": {"covered_lines": 0, "num_statements": 50, "percent_covered": 0.0, "percent_covered_display": "0", "missing_lines": 50, "excluded_lines": 0, "percent_statements_covered": 0.0, "percent_statements_covered_display": "0"}, "missing_lines": [103, 104, 105, 106, 115, 117, 119, 120, 122, 123, 125, 127, 134, 135, 136, 137, 138, 142, 144, 145, 146, 149, 150, 152, 153, 156, 157, 158, 159, 161, 163, 166, 167, 169, 170, 171, 173, 174, 176, 177, 180, 181, 183, 184, 190, 191, 193, 198, 199, 200], "excluded_lines": [], "start_line": 75}, "": {"executed_lines": [11, 12, 13, 14, 17, 18, 21, 22, 25, 26, 27, 30, 31, 34, 35, 36, 39, 42, 43, 45, 48, 49, 52, 53, 54, 55, 56, 59, 60, 61, 63, 75, 98, 108, 165, 195, 196], "summary": {"covered_lines": 37, "num_statements": 37, "percent_covered": 100.0, "percent_covered_display": "100", "missing_lines": 0, "excluded_lines": 0, "percent_statements_covered": 100.0, "percent_statements_covered_display": "100"}, "missing_lines": [], "excluded_lines": [], "start_line": 1}}}, "app\\simulations\\qkd\\photon.py": {"executed_lines": [10, 11, 12, 15, 16, 17, 20, 21, 22, 27, 28, 31, 32, 35, 43, 48, 49, 51, 52, 53, 54, 57, 62, 85], "summary": {"covered_lines": 24, "num_statements": 35, "percent_covered": 68.57142857142857, "percent_covered_display": "69", "missing_lines": 11, "excluded_lines": 0, "percent_statements_covered": 68.57142857142857, "percent_statements_covered_display": "69"}, "missing_lines": [59, 71, 74, 75, 77, 80, 82, 96, 97, 98, 99], "excluded_lines": [], "functions": {"encode": {"executed_lines": [], "summary": {"covered_lines": 0, "num_statements": 1, "percent_covered": 0.0, "percent_covered_display": "0", "missing_lines": 1, "excluded_lines": 0, "percent_statements_covered": 0.0, "percent_statements_covered_display": "0"}, "missing_lines": [59], "excluded_lines": [], "start_line": 57}, "measure": {"executed_lines": [], "summary": {"covered_lines": 0, "num_statements": 6, "percent_covered": 0.0, "percent_covered_display": "0", "missing_lines": 6, "excluded_lines": 0, "percent_statements_covered": 0.0, "percent_statements_covered_display": "0"}, "missing_lines": [71, 74, 75, 77, 80, 82], "excluded_lines": [], "start_line": 62}, "weak_coherent_pulse": {"executed_lines": [], "summary": {"covered_lines": 0, "num_statements": 4, "percent_covered": 0.0, "percent_covered_display": "0", "missing_lines": 4, "excluded_lines": 0, "percent_statements_covered": 0.0, "percent_statements_covered_display": "0"}, "missing_lines": [96, 97, 98, 99], "excluded_lines": [], "start_line": 85}, "": {"executed_lines": [10, 11, 12, 15, 16, 17, 20, 21, 22, 27, 28, 31, 32, 35, 43, 48, 49, 51, 52, 53, 54, 57, 62, 85], "summary": {"covered_lines": 24, "num_statements": 24, "percent_covered": 100.0, "percent_covered_display": "100", "missing_lines": 0, "excluded_lines": 0, "percent_statements_covered": 100.0, "percent_statements_covered_display": "100"}, "missing_lines": [], "excluded_lines": [], "start_line": 1}}, "classes": {"Basis": {"executed_lines": [], "summary": {"covered_lines": 0, "num_statements": 0, "percent_covered": 100.0, "percent_covered_display": "100", "missing_lines": 0, "excluded_lines": 0, "percent_statements_covered": 100.0, "percent_statements_covered_display": "100"}, "missing_lines": [], "excluded_lines": [], "start_line": 15}, "Bit": {"executed_lines": [], "summary": {"covered_lines": 0, "num_statements": 0, "percent_covered": 100.0, "percent_covered_display": "100", "missing_lines": 0, "excluded_lines": 0, "percent_statements_covered": 100.0, "percent_statements_covered_display": "100"}, "missing_lines": [], "excluded_lines": [], "start_line": 20}, "Photon": {"executed_lines": [], "summary": {"covered_lines": 0, "num_statements": 0, "percent_covered": 100.0, "percent_covered_display": "100", "missing_lines": 0, "excluded_lines": 0, "percent_statements_covered": 100.0, "percent_statements_covered_display": "100"}, "missing_lines": [], "excluded_lines": [], "start_line": 49}, "": {"executed_lines": [10, 11, 12, 15, 16, 17, 20, 21, 22, 27, 28, 31, 32, 35, 43, 48, 49, 51, 52, 53, 54, 57, 62, 85], "summary": {"covered_lines": 24, "num_statements": 35, "percent_covered": 68.57142857142857, "percent_covered_display": "69", "missing_lines": 11, "excluded_lines": 0, "percent_statements_covered": 68.57142857142857, "percent_statements_covered_display": "69"}, "missing_lines": [59, 71, 74, 75, 77, 80, 82, 96, 97, 98, 99], "excluded_lines": [], "start_line": 1}}}, "app\\utils\\__init__.py": {"executed_lines": [], "summary": {"covered_lines": 0, "num_statements": 0, "percent_covered": 100.0, "percent_covered_display": "100", "missing_lines": 0, "excluded_lines": 0, "percent_statements_covered": 100.0, "percent_statements_covered_display": "100"}, "missing_lines": [], "excluded_lines": [], "functions": {"": {"executed_lines": [], "summary": {"covered_lines": 0, "num_statements": 0, "percent_covered": 100.0, "percent_covered_display": "100", "missing_lines": 0, "excluded_lines": 0, "percent_statements_covered": 100.0, "percent_statements_covered_display": "100"}, "missing_lines": [], "excluded_lines": [], "start_line": 1}}, "classes": {"": {"executed_lines": [], "summary": {"covered_lines": 0, "num_statements": 0, "percent_covered": 100.0, "percent_covered_display": "100", "missing_lines": 0, "excluded_lines": 0, "percent_statements_covered": 100.0, "percent_statements_covered_display": "100"}, "missing_lines": [], "excluded_lines": [], "start_line": 1}}}, "app\\utils\\dependencies.py": {"executed_lines": [], "summary": {"covered_lines": 0, "num_statements": 21, "percent_covered": 0.0, "percent_covered_display": "0", "missing_lines": 21, "excluded_lines": 0, "percent_statements_covered": 0.0, "percent_statements_covered_display": "0"}, "missing_lines": [2, 4, 6, 7, 11, 12, 13, 17, 18, 19, 23, 24, 25, 27, 28, 29, 30, 32, 33, 34, 36], "excluded_lines": [], "functions": {"get_db": {"executed_lines": [], "summary": {"covered_lines": 0, "num_statements": 2, "percent_covered": 0.0, "percent_covered_display": "0", "missing_lines": 2, "excluded_lines": 0, "percent_statements_covered": 0.0, "percent_statements_covered_display": "0"}, "missing_lines": [12, 13], "excluded_lines": [], "start_line": 11}, "get_settings": {"executed_lines": [], "summary": {"covered_lines": 0, "num_statements": 2, "percent_covered": 0.0, "percent_covered_display": "0", "missing_lines": 2, "excluded_lines": 0, "percent_statements_covered": 0.0, "percent_statements_covered_display": "0"}, "missing_lines": [18, 19], "excluded_lines": [], "start_line": 17}, "inject_dependencies": {"executed_lines": [], "summary": {"covered_lines": 0, "num_statements": 2, "percent_covered": 0.0, "percent_covered_display": "0", "missing_lines": 2, "excluded_lines": 0, "percent_statements_covered": 0.0, "percent_statements_covered_display": "0"}, "missing_lines": [24, 36], "excluded_lines": [], "start_line": 23}, "inject_dependencies.decorator": {"executed_lines": [], "summary": {"covered_lines": 0, "num_statements": 4, "percent_covered": 0.0, "percent_covered_display": "0", "missing_lines": 4, "excluded_lines": 0, "percent_statements_covered": 0.0, "percent_statements_covered_display": "0"}, "missing_lines": [25, 32, 33, 34], "excluded_lines": [], "start_line": 24}, "inject_dependencies.decorator.wrapper": {"executed_lines": [], "summary": {"covered_lines": 0, "num_statements": 4, "percent_covered": 0.0, "percent_covered_display": "0", "missing_lines": 4, "excluded_lines": 0, "percent_statements_covered": 0.0, "percent_statements_covered_display": "0"}, "missing_lines": [27, 28, 29, 30], "excluded_lines": [], "start_line": 25}, "": {"executed_lines": [], "summary": {"covered_lines": 0, "num_statements": 7, "percent_covered": 0.0, "percent_covered_display": "0", "missing_lines": 7, "excluded_lines": 0, "percent_statements_covered": 0.0, "percent_statements_covered_display": "0"}, "missing_lines": [2, 4, 6, 7, 11, 17, 23], "excluded_lines": [], "start_line": 1}}, "classes": {"": {"executed_lines": [], "summary": {"covered_lines": 0, "num_statements": 21, "percent_covered": 0.0, "percent_covered_display": "0", "missing_lines": 21, "excluded_lines": 0, "percent_statements_covered": 0.0, "percent_statements_covered_display": "0"}, "missing_lines": [2, 4, 6, 7, 11, 12, 13, 17, 18, 19, 23, 24, 25, 27, 28, 29, 30, 32, 33, 34, 36], "excluded_lines": [], "start_line": 1}}}, "app\\utils\\email.py": {"executed_lines": [1, 2, 3, 5, 8, 13, 18, 23, 24, 25, 28, 29, 30, 33, 34, 35, 38, 66], "summary": {"covered_lines": 18, "num_statements": 60, "percent_covered": 30.0, "percent_covered_display": "30", "missing_lines": 42, "excluded_lines": 0, "percent_statements_covered": 30.0, "percent_statements_covered_display": "30"}, "missing_lines": [9, 10, 14, 15, 19, 20, 39, 40, 42, 43, 45, 46, 47, 48, 49, 50, 54, 55, 57, 59, 60, 61, 62, 63, 67, 68, 69, 70, 72, 73, 74, 75, 76, 77, 81, 82, 84, 86, 87, 88, 89, 90], "excluded_lines": [], "functions": {"_get_serializer": {"executed_lines": [], "summary": {"covered_lines": 0, "num_statements": 2, "percent_covered": 0.0, "percent_covered_display": "0", "missing_lines": 2, "excluded_lines": 0, "percent_statements_covered": 0.0, "percent_statements_covered_display": "0"}, "missing_lines": [9, 10], "excluded_lines": [], "start_line": 8}, "generate_verification_token": {"executed_lines": [], "summary": {"covered_lines": 0, "num_statements": 2, "percent_covered": 0.0, "percent_covered_display": "0", "missing_lines": 2, "excluded_lines": 0, "percent_statements_covered": 0.0, "percent_statements_covered_display": "0"}, "missing_lines": [14, 15], "excluded_lines": [], "start_line": 13}, "confirm_verification_token": {"executed_lines": [], "summary": {"covered_lines": 0, "num_statements": 2, "percent_covered": 0.0, "percent_covered_display": "0", "missing_lines": 2, "excluded_lines": 0, "percent_statements_covered": 0.0, "percent_statements_covered_display": "0"}, "missing_lines": [19, 20], "excluded_lines": [], "start_line": 18}, "_get_password_reset_serializer": {"executed_lines": [24, 25], "summary": {"covered_lines": 2, "num_statements": 2, "percent_covered": 100.0, "percent_covered_display": "100", "missing_lines": 0, "excluded_lines": 0, "percent_statements_covered": 100.0, "percent_statements_covered_display": "100"}, "missing_lines": [], "excluded_lines": [], "start_line": 23}, "generate_password_reset_token": {"executed_lines": [29, 30], "summary": {"covered_lines": 2, "num_statements": 2, "percent_covered": 100.0, "percent_covered_display": "100", "missing_lines": 0, "excluded_lines": 0, "percent_statements_covered": 100.0, "percent_statements_covered_display": "100"}, "missing_lines": [], "excluded_lines": [], "start_line": 28}, "confirm_password_reset_token": {"executed_lines": [34, 35], "summary": {"covered_lines": 2, "num_statements": 2, "percent_covered": 100.0, "percent_covered_display": "100", "missing_lines": 0, "excluded_lines": 0, "percent_statements_covered": 100.0, "percent_statements_covered_display": "100"}, "missing_lines": [], "excluded_lines": [], "start_line": 33}, "send_verification_email": {"executed_lines": [], "summary": {"covered_lines": 0, "num_statements": 18, "percent_covered": 0.0, "percent_covered_display": "0", "missing_lines": 18, "excluded_lines": 0, "percent_statements_covered": 0.0, "percent_statements_covered_display": "0"}, "missing_lines": [39, 40, 42, 43, 45, 46, 47, 48, 49, 50, 54, 55, 57, 59, 60, 61, 62, 63], "excluded_lines": [], "start_line": 38}, "send_password_reset_email": {"executed_lines": [], "summary": {"covered_lines": 0, "num_statements": 18, "percent_covered": 0.0, "percent_covered_display": "0", "missing_lines": 18, "excluded_lines": 0, "percent_statements_covered": 0.0, "percent_statements_covered_display": "0"}, "missing_lines": [67, 68, 69, 70, 72, 73, 74, 75, 76, 77, 81, 82, 84, 86, 87, 88, 89, 90], "excluded_lines": [], "start_line": 66}, "": {"executed_lines": [1, 2, 3, 5, 8, 13, 18, 23, 28, 33, 38, 66], "summary": {"covered_lines": 12, "num_statements": 12, "percent_covered": 100.0, "percent_covered_display": "100", "missing_lines": 0, "excluded_lines": 0, "percent_statements_covered": 100.0, "percent_statements_covered_display": "100"}, "missing_lines": [], "excluded_lines": [], "start_line": 1}}, "classes": {"": {"executed_lines": [1, 2, 3, 5, 8, 13, 18, 23, 24, 25, 28, 29, 30, 33, 34, 35, 38, 66], "summary": {"covered_lines": 18, "num_statements": 60, "percent_covered": 30.0, "percent_covered_display": "30", "missing_lines": 42, "excluded_lines": 0, "percent_statements_covered": 30.0, "percent_statements_covered_display": "30"}, "missing_lines": [9, 10, 14, 15, 19, 20, 39, 40, 42, 43, 45, 46, 47, 48, 49, 50, 54, 55, 57, 59, 60, 61, 62, 63, 67, 68, 69, 70, 72, 73, 74, 75, 76, 77, 81, 82, 84, 86, 87, 88, 89, 90], "excluded_lines": [], "start_line": 1}}}, "app\\utils\\logging.py": {"executed_lines": [2, 3, 4, 6, 7, 11, 13, 16, 23, 31, 34, 37, 40, 50], "summary": {"covered_lines": 14, "num_statements": 16, "percent_covered": 87.5, "percent_covered_display": "88", "missing_lines": 2, "excluded_lines": 0, "percent_statements_covered": 87.5, "percent_statements_covered_display": "88"}, "missing_lines": [35, 51], "excluded_lines": [], "functions": {"configure_logging": {"executed_lines": [13, 16, 23, 31, 34, 37, 40], "summary": {"covered_lines": 7, "num_statements": 8, "percent_covered": 87.5, "percent_covered_display": "88", "missing_lines": 1, "excluded_lines": 0, "percent_statements_covered": 87.5, "percent_statements_covered_display": "88"}, "missing_lines": [35], "excluded_lines": [], "start_line": 11}, "get_logger": {"executed_lines": [], "summary": {"covered_lines": 0, "num_statements": 1, "percent_covered": 0.0, "percent_covered_display": "0", "missing_lines": 1, "excluded_lines": 0, "percent_statements_covered": 0.0, "percent_statements_covered_display": "0"}, "missing_lines": [51], "excluded_lines": [], "start_line": 50}, "": {"executed_lines": [2, 3, 4, 6, 7, 11, 50], "summary": {"covered_lines": 7, "num_statements": 7, "percent_covered": 100.0, "percent_covered_display": "100", "missing_lines": 0, "excluded_lines": 0, "percent_statements_covered": 100.0, "percent_statements_covered_display": "100"}, "missing_lines": [], "excluded_lines": [], "start_line": 1}}, "classes": {"": {"executed_lines": [2, 3, 4, 6, 7, 11, 13, 16, 23, 31, 34, 37, 40, 50], "summary": {"covered_lines": 14, "num_statements": 16, "percent_covered": 87.5, "percent_covered_display": "88", "missing_lines": 2, "excluded_lines": 0, "percent_statements_covered": 87.5, "percent_statements_covered_display": "88"}, "missing_lines": [35, 51], "excluded_lines": [], "start_line": 1}}}}, "totals": {"covered_lines": 469, "num_statements": 872, "percent_covered": 53.78440366972477, "percent_covered_display": "54", "missing_lines": 403, "excluded_lines": 8, "percent_statements_covered": 53.78440366972477, "percent_statements_covered_display": "54"}}